Build started 14.3.2015 21:04:12.
     1>Project "I:\Files\C++\MyFirstGame\MyFirstGame\tinyxml\tinyxml_lib.vcxproj" on node 2 (Build target(s)).
     1>ClCompile:
         C:\Program Files (x86)\Microsoft Visual Studio 12.0\VC\bin\x86_amd64\CL.exe /c /Zi /nologo /W4 /WX- /Od /D WIN32 /D _DEBUG /D _LIB /D _VC80_UPGRADE=0x0600 /D _MBCS /Gm- /EHsc /RTC1 /MTd /GS /fp:precise /Zc:wchar_t /Zc:forScope /Fo"x64\Debug\\" /Fd"x64\Debug\vc120.pdb" /FR"x64\Debug\\" /Gd /TP /errorReport:prompt tinystr.cpp tinyxml.cpp tinyxmlerror.cpp tinyxmlparser.cpp
         tinystr.cpp
         tinyxml.cpp
         tinyxmlerror.cpp
         tinyxmlparser.cpp
         Generating Code...
       Lib:
         C:\Program Files (x86)\Microsoft Visual Studio 12.0\VC\bin\x86_amd64\Lib.exe /OUT:"I:\Files\C++\MyFirstGame\MyFirstGame\tinyxml\x64\Debug\tinyxml.lib" /NOLOGO /MACHINE:X64 x64\Debug\tinystr.obj
         x64\Debug\tinyxml.obj
         x64\Debug\tinyxmlerror.obj
         x64\Debug\tinyxmlparser.obj
         tinyxml_lib.vcxproj -> I:\Files\C++\MyFirstGame\MyFirstGame\tinyxml\x64\Debug\tinyxml.lib
       BscMake:
         C:\Program Files (x86)\Microsoft Visual Studio 12.0\VC\bin\bscmake.exe /nologo /o"I:\Files\C++\MyFirstGame\MyFirstGame\tinyxml\x64\Debug\tinyxml.bsc" x64\Debug\tinystr.sbr x64\Debug\tinyxml.sbr x64\Debug\tinyxmlerror.sbr x64\Debug\tinyxmlparser.sbr
     1>Done Building Project "I:\Files\C++\MyFirstGame\MyFirstGame\tinyxml\tinyxml_lib.vcxproj" (Build target(s)).

Build succeeded.

Time Elapsed 00:00:00.97
