Build started 8.4.2015 0:51:27.
     1>Project "I:\Files\C++\MyFirstGame\MyFirstGame\MyFirstGame.vcxproj" on node 2 (Build target(s)).
     1>ClCompile:
         C:\Program Files (x86)\Microsoft Visual Studio 12.0\VC\bin\x86_amd64\CL.exe /c /II:\Files\C++\MyFirstGame\includes /II:\Files\C++\MyFirstGame\MyFirstGame\tinyxml\include /Zi /nologo /W3 /WX- /Od /D WIN32 /D _DEBUG /D _CONSOLE /D _LIB /D _UNICODE /D UNICODE /Gm /EHsc /RTC1 /MDd /GS /fp:precise /Zc:wchar_t /Zc:forScope /Fo"x64\Debug\\" /Fd"x64\Debug\vc120.pdb" /Gd /TP /errorReport:prompt Level.cpp
         Level.cpp
     1>Level.cpp(72): warning C4244: 'initializing' : conversion from 'double' to 'float', possible loss of data
     1>Level.cpp(73): warning C4244: '=' : conversion from 'float' to 'int', possible loss of data
     1>Level.cpp(110): warning C4244: 'argument' : conversion from 'int' to 'float', possible loss of data
     1>Level.cpp(155): warning C4244: 'initializing' : conversion from 'double' to 'float', possible loss of data
     1>Level.cpp(156): warning C4244: 'initializing' : conversion from 'double' to 'float', possible loss of data
     1>Level.cpp(187): warning C4244: '=' : conversion from 'float' to 'int', possible loss of data
     1>Level.cpp(188): warning C4244: '=' : conversion from 'float' to 'int', possible loss of data
       Link:
         C:\Program Files (x86)\Microsoft Visual Studio 12.0\VC\bin\x86_amd64\link.exe /ERRORREPORT:PROMPT /OUT:"I:\Files\C++\MyFirstGame\x64\Debug\MyFirstGame.exe" /INCREMENTAL /NOLOGO /LIBPATH:I:\Files\C++\MyFirstGame\libs /LIBPATH:I:\Files\C++\MyFirstGame\MyFirstGame\tinyxml\lib "sfml-window-d.lib" "sfml-graphics-d.lib" "sfml-system-d.lib" "tinyxml-d.lib" "Box2D-d.lib" kernel32.lib user32.lib gdi32.lib winspool.lib comdlg32.lib advapi32.lib shell32.lib ole32.lib oleaut32.lib uuid.lib odbc32.lib odbccp32.lib /MANIFEST /MANIFESTUAC:"level='asInvoker' uiAccess='false'" /manifest:embed /DEBUG /PDB:"I:\Files\C++\MyFirstGame\x64\Debug\MyFirstGame.pdb" /SUBSYSTEM:CONSOLE /TLBID:1 /DYNAMICBASE /NXCOMPAT /IMPLIB:"I:\Files\C++\MyFirstGame\x64\Debug\MyFirstGame.lib" /MACHINE:X64 x64\Debug\AnimatedSprite.obj
         x64\Debug\Animation.obj
         x64\Debug\Level.obj
         x64\Debug\main.obj
         x64\Debug\Player.obj
         MyFirstGame.vcxproj -> I:\Files\C++\MyFirstGame\x64\Debug\MyFirstGame.exe
     1>Done Building Project "I:\Files\C++\MyFirstGame\MyFirstGame\MyFirstGame.vcxproj" (Build target(s)).

Build succeeded.

Time Elapsed 00:00:01.68
